<?xml version="1.0" encoding="UTF-8"?>
<!-- Generated by org.testng.reporters.JUnitReportReporter -->
<testsuite skipped="0" hostname="Sharanu-PC" name="com.myntra.driverscript.Driverscript" tests="1" failures="0" timestamp="03 Nov 2019 16:13:10 GMT" time="26.861" errors="0">
  <testcase name="executeTestScripts" time="26.861" classname="com.myntra.driverscript.Driverscript"/>
</testsuite> <!-- com.myntra.driverscript.Driverscript -->
