<?xml version="1.0" encoding="UTF-8"?>
<!-- Generated by org.testng.reporters.JUnitReportReporter -->
<testsuite skipped="0" hostname="Sharanu-PC" name="com.myntra.testscripts.Initialize" tests="1" failures="0" timestamp="03 Nov 2019 16:02:06 GMT" time="52.680" errors="0">
  <testcase name="executeTestScripts" time="52.680" classname="com.myntra.testscripts.Initialize"/>
</testsuite> <!-- com.myntra.testscripts.Initialize -->
