<?xml version="1.0" encoding="UTF-8"?>
<!-- Generated by org.testng.reporters.JUnitReportReporter -->
<testsuite hostname="Sharanu-PC" name="com.myntra.driverscript.Driverscript" tests="1" failures="0" timestamp="3 Nov 2019 16:09:23 GMT" time="39.229" errors="0">
  <testcase name="executeTestScripts" time="39.229" classname="com.myntra.driverscript.Driverscript"/>
</testsuite> <!-- com.myntra.driverscript.Driverscript -->
